\BOOKMARK [1][-]{Doc-Start}{\376\377\000D\000\351\000d\000i\000c\000a\000c\000e\000s}{}% 1
\BOOKMARK [1][-]{Doc-Start}{\376\377\000R\000e\000m\000e\000r\000c\000i\000e\000m\000e\000n\000t\000s}{}% 2
\BOOKMARK [1][-]{Doc-Start}{\376\377\000R\000\351\000s\000u\000m\000\351}{}% 3
\BOOKMARK [1][-]{Doc-Start}{\376\377\000A\000b\000s\000t\000r\000a\000c\000t}{}% 4
\BOOKMARK [1][-]{chapter*.1}{\376\377\000I\000n\000t\000r\000o\000d\000u\000c\000t\000i\000o\000n\000\040\000G\000\351\000n\000\351\000r\000a\000l\000e}{}% 5
\BOOKMARK [0][-]{chapter.1}{\376\377\000C\000o\000n\000t\000e\000x\000t\000e\000\040\000e\000t\000\040\000O\000b\000j\000e\000c\000t\000i\000f\000s}{}% 6
\BOOKMARK [1][-]{section.1.1}{\376\377\000C\000o\000n\000t\000e\000x\000t\000e\000\040\000T\000e\000c\000h\000n\000i\000q\000u\000e}{chapter.1}% 7
\BOOKMARK [1][-]{section.1.2}{\376\377\000P\000r\000o\000b\000l\000\351\000m\000a\000t\000i\000q\000u\000e}{chapter.1}% 8
\BOOKMARK [1][-]{section.1.3}{\376\377\000O\000b\000j\000e\000c\000t\000i\000f\000s\000\040\000d\000u\000\040\000P\000r\000o\000j\000e\000t}{chapter.1}% 9
\BOOKMARK [0][-]{chapter.2}{\376\377\000A\000n\000a\000l\000y\000s\000e\000\040\000d\000e\000s\000\040\000B\000e\000s\000o\000i\000n\000s\000\040\000e\000t\000\040\000S\000p\000\351\000c\000i\000f\000i\000c\000a\000t\000i\000o\000n\000s}{}% 10
\BOOKMARK [1][-]{section.2.1}{\376\377\000E\000x\000i\000g\000e\000n\000c\000e\000s\000\040\000F\000o\000n\000c\000t\000i\000o\000n\000n\000e\000l\000l\000e\000s}{chapter.2}% 11
\BOOKMARK [1][-]{section.2.2}{\376\377\000E\000x\000i\000g\000e\000n\000c\000e\000s\000\040\000N\000o\000n\000-\000F\000o\000n\000c\000t\000i\000o\000n\000n\000e\000l\000l\000e\000s}{chapter.2}% 12
\BOOKMARK [1][-]{section.2.3}{\376\377\000C\000l\000a\000u\000s\000e\000s\000\040\000\311\000t\000h\000i\000q\000u\000e\000s\000\040\000e\000t\000\040\000A\000c\000a\000d\000\351\000m\000i\000q\000u\000e\000s}{chapter.2}% 13
\BOOKMARK [0][-]{chapter.3}{\376\377\000A\000r\000c\000h\000i\000t\000e\000c\000t\000u\000r\000e\000\040\000G\000l\000o\000b\000a\000l\000e\000\040\000e\000t\000\040\000M\000u\000l\000t\000i\000-\000A\000g\000e\000n\000t\000s}{}% 14
\BOOKMARK [1][-]{section.3.1}{\376\377\000S\000c\000h\000\351\000m\000a\000\040\000D\000i\000r\000e\000c\000t\000e\000u\000r\000\040\000d\000e\000\040\000l\000'\000A\000r\000c\000h\000i\000t\000e\000c\000t\000u\000r\000e}{chapter.3}% 15
\BOOKMARK [1][-]{section.3.2}{\376\377\000M\000o\000d\000\351\000l\000i\000s\000a\000t\000i\000o\000n\000\040\000d\000u\000\040\000G\000r\000a\000p\000h\000e\000\040\000L\000a\000n\000g\000G\000r\000a\000p\000h}{chapter.3}% 16
\BOOKMARK [0][-]{chapter.4}{\376\377\000S\000e\000r\000v\000e\000u\000r\000\040\000M\000C\000P\000\040\000e\000t\000\040\000R\000e\000c\000h\000e\000r\000c\000h\000e\000\040\000R\000A\000G}{}% 17
\BOOKMARK [1][-]{section.4.1}{\376\377\000L\000e\000\040\000p\000r\000o\000t\000o\000c\000o\000l\000e\000\040\000M\000o\000d\000e\000l\000\040\000C\000o\000n\000t\000e\000x\000t\000\040\000P\000r\000o\000t\000o\000c\000o\000l}{chapter.4}% 18
\BOOKMARK [1][-]{section.4.2}{\376\377\000O\000u\000t\000i\000l\000s\000\040\000M\000C\000P\000\040\000i\000m\000p\000l\000\351\000m\000e\000n\000t\000\351\000s}{chapter.4}% 19
\BOOKMARK [0][-]{chapter.5}{\376\377\000M\000o\000d\000\351\000l\000i\000s\000a\000t\000i\000o\000n\000\040\000e\000t\000\040\000P\000e\000r\000s\000i\000s\000t\000a\000n\000c\000e\000\040\000d\000e\000s\000\040\000\311\000t\000a\000t\000s}{}% 20
\BOOKMARK [1][-]{section.5.1}{\376\377\000S\000t\000r\000u\000c\000t\000u\000r\000e\000\040\000d\000e\000\040\000l\000'\000\311\000t\000a\000t\000\040\000P\000a\000r\000t\000a\000g\000\351}{chapter.5}% 21
\BOOKMARK [1][-]{section.5.2}{\376\377\000P\000e\000r\000s\000i\000s\000t\000a\000n\000c\000e\000\040\000S\000Q\000L\000i\000t\000e}{chapter.5}% 22
\BOOKMARK [0][-]{chapter.6}{\376\377\000C\000o\000n\000c\000e\000p\000t\000i\000o\000n\000\040\000e\000t\000\040\000I\000m\000p\000l\000\351\000m\000e\000n\000t\000a\000t\000i\000o\000n\000\040\000d\000e\000s\000\040\000E\000n\000d\000p\000o\000i\000n\000t\000s\000\040\000A\000P\000I}{}% 23
\BOOKMARK [1][-]{section.6.1}{\376\377\000T\000a\000b\000l\000e\000a\000u\000\040\000d\000e\000s\000\040\000E\000n\000d\000p\000o\000i\000n\000t\000s\000\040\000R\000E\000S\000T}{chapter.6}% 24
\BOOKMARK [1][-]{section.6.2}{\376\377\000S\000c\000h\000\351\000m\000a\000s\000\040\000d\000e\000\040\000V\000a\000l\000i\000d\000a\000t\000i\000o\000n\000\040\000P\000y\000d\000a\000n\000t\000i\000c}{chapter.6}% 25
\BOOKMARK [0][-]{chapter.7}{\376\377\000D\000\351\000v\000e\000l\000o\000p\000p\000e\000m\000e\000n\000t\000\040\000d\000e\000\040\000l\000'\000I\000n\000t\000e\000r\000f\000a\000c\000e\000\040\000U\000t\000i\000l\000i\000s\000a\000t\000e\000u\000r}{}% 26
\BOOKMARK [1][-]{section.7.1}{\376\377\000P\000a\000r\000c\000o\000u\000r\000s\000\040\000U\000t\000i\000l\000i\000s\000a\000t\000e\000u\000r\000\040\000N\000e\000x\000t\000.\000j\000s}{chapter.7}% 27
\BOOKMARK [2][-]{subsection.7.1.1}{\376\377\000T\000a\000b\000l\000e\000a\000u\000\040\000d\000e\000\040\000B\000o\000r\000d\000\040\000C\000l\000i\000n\000i\000q\000u\000e\000\040\000e\000t\000\040\000A\000d\000m\000i\000s\000s\000i\000o\000n}{section.7.1}% 28
\BOOKMARK [2][-]{subsection.7.1.2}{\376\377\000E\000n\000t\000r\000e\000t\000i\000e\000n\000\040\000I\000n\000t\000e\000r\000a\000c\000t\000i\000f\000\040\000C\000o\000n\000v\000e\000r\000s\000a\000t\000i\000o\000n\000n\000e\000l}{section.7.1}% 29
\BOOKMARK [2][-]{subsection.7.1.3}{\376\377\000S\000y\000n\000t\000h\000\350\000s\000e\000\040\000C\000l\000i\000n\000i\000q\000u\000e\000\040\000e\000t\000\040\000E\000s\000p\000a\000c\000e\000\040\000M\000\351\000d\000e\000c\000i\000n}{section.7.1}% 30
\BOOKMARK [2][-]{subsection.7.1.4}{\376\377\000R\000a\000p\000p\000o\000r\000t\000\040\000F\000i\000n\000a\000l\000\040\000e\000t\000\040\000T\000\351\000l\000\351\000c\000h\000a\000r\000g\000e\000m\000e\000n\000t}{section.7.1}% 31
\BOOKMARK [0][-]{chapter.8}{\376\377\000T\000e\000s\000t\000s\000,\000\040\000S\000c\000\351\000n\000a\000r\000i\000o\000s\000\040\000d\000'\000O\000r\000i\000e\000n\000t\000a\000t\000i\000o\000n\000\040\000e\000t\000\040\000V\000a\000l\000i\000d\000a\000t\000i\000o\000n}{}% 32
\BOOKMARK [1][-]{section.8.1}{\376\377\000C\000a\000s\000\040\000C\000l\000i\000n\000i\000q\000u\000e\000\040\0001\000\040\000:\000\040\000S\000y\000n\000d\000r\000o\000m\000e\000\040\000A\000b\000d\000o\000m\000i\000n\000a\000l\000\040\000\050\000\311\000m\000i\000l\000i\000e\000\040\000R\000o\000u\000x\000\051}{chapter.8}% 33
\BOOKMARK [2][-]{subsection.8.1.1}{\376\377\000D\000o\000n\000n\000\351\000e\000s\000\040\000d\000'\000A\000d\000m\000i\000s\000s\000i\000o\000n}{section.8.1}% 34
\BOOKMARK [2][-]{subsection.8.1.2}{\376\377\000E\000n\000t\000r\000e\000t\000i\000e\000n\000\040\000C\000l\000i\000n\000i\000q\000u\000e\000\040\000D\000y\000n\000a\000m\000i\000q\000u\000e}{section.8.1}% 35
\BOOKMARK [2][-]{subsection.8.1.3}{\376\377\000\311\000v\000a\000l\000u\000a\000t\000i\000o\000n\000\040\000C\000l\000i\000n\000i\000q\000u\000e\000\040\000I\000n\000t\000e\000r\000m\000\351\000d\000i\000a\000i\000r\000e\000\040\000e\000t\000\040\000A\000v\000i\000s\000\040\000d\000u\000\040\000M\000\351\000d\000e\000c\000i\000n}{section.8.1}% 36
\BOOKMARK [2][-]{subsection.8.1.4}{\376\377\000R\000a\000p\000p\000o\000r\000t\000\040\000F\000i\000n\000a\000l\000\040\000S\000t\000r\000u\000c\000t\000u\000r\000\351\000\040\000G\000\351\000n\000\351\000r\000\351}{section.8.1}% 37
\BOOKMARK [1][-]{section.8.2}{\376\377\000C\000a\000s\000\040\000C\000l\000i\000n\000i\000q\000u\000e\000\040\0002\000\040\000:\000\040\000I\000n\000f\000e\000c\000t\000i\000o\000n\000\040\000R\000e\000s\000p\000i\000r\000a\000t\000o\000i\000r\000e\000\040\000\050\000M\000i\000c\000h\000e\000l\000\040\000L\000a\000m\000b\000e\000r\000t\000\051}{chapter.8}% 38
\BOOKMARK [2][-]{subsection.8.2.1}{\376\377\000D\000o\000n\000n\000\351\000e\000s\000\040\000d\000'\000A\000d\000m\000i\000s\000s\000i\000o\000n}{section.8.2}% 39
\BOOKMARK [2][-]{subsection.8.2.2}{\376\377\000E\000n\000t\000r\000e\000t\000i\000e\000n\000\040\000C\000l\000i\000n\000i\000q\000u\000e\000\040\000D\000y\000n\000a\000m\000i\000q\000u\000e}{section.8.2}% 40
\BOOKMARK [2][-]{subsection.8.2.3}{\376\377\000\311\000v\000a\000l\000u\000a\000t\000i\000o\000n\000\040\000C\000l\000i\000n\000i\000q\000u\000e\000\040\000I\000n\000t\000e\000r\000m\000\351\000d\000i\000a\000i\000r\000e\000\040\000e\000t\000\040\000A\000v\000i\000s\000\040\000d\000u\000\040\000M\000\351\000d\000e\000c\000i\000n}{section.8.2}% 41
\BOOKMARK [2][-]{subsection.8.2.4}{\376\377\000R\000a\000p\000p\000o\000r\000t\000\040\000F\000i\000n\000a\000l\000\040\000S\000t\000r\000u\000c\000t\000u\000r\000\351\000\040\000G\000\351\000n\000\351\000r\000\351}{section.8.2}% 42
\BOOKMARK [0][-]{chapter.9}{\376\377\000L\000i\000m\000i\000t\000e\000s\000\040\000\311\000t\000h\000i\000q\000u\000e\000s\000\040\000e\000t\000\040\000P\000e\000r\000s\000p\000e\000c\000t\000i\000v\000e\000s}{}% 43
\BOOKMARK [1][-]{section.9.1}{\376\377\000L\000i\000m\000i\000t\000e\000s\000\040\000A\000c\000t\000u\000e\000l\000l\000e\000s}{chapter.9}% 44
\BOOKMARK [1][-]{section.9.2}{\376\377\000P\000e\000r\000s\000p\000e\000c\000t\000i\000v\000e\000s}{chapter.9}% 45
\BOOKMARK [1][-]{section.9.2}{\376\377\000C\000o\000n\000c\000l\000u\000s\000i\000o\000n\000\040\000G\000\351\000n\000\351\000r\000a\000l\000e}{chapter.9}% 46
\BOOKMARK [1][-]{section.9.2}{\376\377\000W\000e\000b\000o\000g\000r\000a\000p\000h\000i\000e}{chapter.9}% 47
